[debug] [2021-12-14T21:45:18.140Z] ----------------------------------------------------------------------
[debug] [2021-12-14T21:45:18.142Z] Command:       C:\Program Files\nodejs\node.exe C:\Users\Christian\AppData\Roaming\npm\node_modules\firebase-tools\lib\bin\firebase.js emulators:start
[debug] [2021-12-14T21:45:18.142Z] CLI Version:   9.23.1
[debug] [2021-12-14T21:45:18.142Z] Platform:      win32
[debug] [2021-12-14T21:45:18.142Z] Node Version:  v14.17.6
[debug] [2021-12-14T21:45:18.143Z] Time:          Tue Dec 14 2021 22:45:18 GMT+0100 (Mitteleuropäische Normalzeit)
[debug] [2021-12-14T21:45:18.143Z] ----------------------------------------------------------------------
[debug] 
[debug] [2021-12-14T21:45:18.187Z] > command requires scopes: ["email","openid","https://www.googleapis.com/auth/cloudplatformprojects.readonly","https://www.googleapis.com/auth/firebase","https://www.googleapis.com/auth/cloud-platform"]
[debug] [2021-12-14T21:45:18.187Z] > authorizing via signed-in user (alvadda@gmail.com)
[info] i  emulators: Starting emulators: auth, functions, firestore {"metadata":{"emulator":{"name":"hub"},"message":"Starting emulators: auth, functions, firestore"}}
[debug] [2021-12-14T21:45:18.205Z] [hub] writing locator at C:\Users\CHRIST~1\AppData\Local\Temp\hub-test-5c453.json
[warn] !  functions: The following emulators are not running, calls to these services from the Functions emulator will affect production: database, hosting, pubsub, storage {"metadata":{"emulator":{"name":"functions"},"message":"The following emulators are not running, calls to these services from the Functions emulator will affect production: \u001b[1mdatabase, hosting, pubsub, storage\u001b[22m"}}
[info] +  functions: Using node@14 from host. {"metadata":{"emulator":{"name":"functions"},"message":"Using node@14 from host."}}
[debug] [2021-12-14T21:45:18.214Z] defaultcredentials: writing to file C:\Users\Christian\AppData\Roaming\firebase\alvadda_gmail_com_application_default_credentials.json
[debug] [2021-12-14T21:45:18.215Z] Setting GAC to C:\Users\Christian\AppData\Roaming\firebase\alvadda_gmail_com_application_default_credentials.json {"metadata":{"emulator":{"name":"functions"},"message":"Setting GAC to C:\\Users\\Christian\\AppData\\Roaming\\firebase\\alvadda_gmail_com_application_default_credentials.json"}}
[debug] [2021-12-14T21:45:18.216Z] > refreshing access token with scopes: []
[debug] [2021-12-14T21:45:18.217Z] >>> HTTP REQUEST POST https://www.googleapis.com/oauth2/v3/token  
 <request body omitted>
[debug] [2021-12-14T21:45:18.343Z] <<< HTTP RESPONSE 200 {"pragma":"no-cache","expires":"Mon, 01 Jan 1990 00:00:00 GMT","cache-control":"no-cache, no-store, max-age=0, must-revalidate","date":"Tue, 14 Dec 2021 21:45:17 GMT","content-type":"application/json; charset=utf-8","vary":"X-Origin, Referer, Origin,Accept-Encoding","server":"scaffolding on HTTPServer2","x-xss-protection":"0","x-frame-options":"SAMEORIGIN","x-content-type-options":"nosniff","alt-svc":"h3=\":443\"; ma=2592000,h3-29=\":443\"; ma=2592000,h3-Q050=\":443\"; ma=2592000,h3-Q046=\":443\"; ma=2592000,h3-Q043=\":443\"; ma=2592000,quic=\":443\"; ma=2592000; v=\"46,43\"","accept-ranges":"none","transfer-encoding":"chunked"}
[debug] [2021-12-14T21:45:18.350Z] >>> [apiv2][query] GET https://firebase.googleapis.com/v1beta1/projects/test-5c453/adminSdkConfig [none]
[debug] [2021-12-14T21:45:18.596Z] <<< [apiv2][status] GET https://firebase.googleapis.com/v1beta1/projects/test-5c453/adminSdkConfig 200
[debug] [2021-12-14T21:45:18.596Z] <<< [apiv2][body] GET https://firebase.googleapis.com/v1beta1/projects/test-5c453/adminSdkConfig {"projectId":"test-5c453","storageBucket":"test-5c453.appspot.com","locationId":"europe-west"}
[debug] [2021-12-14T21:45:18.604Z] Ignoring unsupported arg: projectId {"metadata":{"emulator":{"name":"firestore"},"message":"Ignoring unsupported arg: projectId"}}
[debug] [2021-12-14T21:45:18.605Z] Ignoring unsupported arg: auto_download {"metadata":{"emulator":{"name":"firestore"},"message":"Ignoring unsupported arg: auto_download"}}
[debug] [2021-12-14T21:45:18.605Z] Starting Firestore Emulator with command {"binary":"java","args":["-Dgoogle.cloud_firestore.debug_log_level=FINE","-Duser.language=en","-jar","C:\\Users\\Christian\\.cache\\firebase\\emulators\\cloud-firestore-emulator-v1.13.1.jar","--host","localhost","--port",41234,"--rules","D:\\Development\\React\\firebase-test\\firestore.rules","--functions_emulator","localhost:5001"],"optionalArgs":["port","webchannel_port","host","rules","functions_emulator","seed_from_export"],"joinArgs":false} {"metadata":{"emulator":{"name":"firestore"},"message":"Starting Firestore Emulator with command {\"binary\":\"java\",\"args\":[\"-Dgoogle.cloud_firestore.debug_log_level=FINE\",\"-Duser.language=en\",\"-jar\",\"C:\\\\Users\\\\Christian\\\\.cache\\\\firebase\\\\emulators\\\\cloud-firestore-emulator-v1.13.1.jar\",\"--host\",\"localhost\",\"--port\",41234,\"--rules\",\"D:\\\\Development\\\\React\\\\firebase-test\\\\firestore.rules\",\"--functions_emulator\",\"localhost:5001\"],\"optionalArgs\":[\"port\",\"webchannel_port\",\"host\",\"rules\",\"functions_emulator\",\"seed_from_export\"],\"joinArgs\":false}"}}
[info] i  firestore: Firestore Emulator logging to firestore-debug.log {"metadata":{"emulator":{"name":"firestore"},"message":"Firestore Emulator logging to \u001b[1mfirestore-debug.log\u001b[22m"}}
[debug] [2021-12-14T21:45:21.352Z] Ignoring unsupported arg: auto_download {"metadata":{"emulator":{"name":"ui"},"message":"Ignoring unsupported arg: auto_download"}}
[debug] [2021-12-14T21:45:21.352Z] Ignoring unsupported arg: port {"metadata":{"emulator":{"name":"ui"},"message":"Ignoring unsupported arg: port"}}
[debug] [2021-12-14T21:45:21.352Z] Starting Emulator UI with command {"binary":"node","args":["C:\\Users\\Christian\\.cache\\firebase\\emulators\\ui-v1.6.4\\server.bundle.js"],"optionalArgs":[],"joinArgs":false} {"metadata":{"emulator":{"name":"ui"},"message":"Starting Emulator UI with command {\"binary\":\"node\",\"args\":[\"C:\\\\Users\\\\Christian\\\\.cache\\\\firebase\\\\emulators\\\\ui-v1.6.4\\\\server.bundle.js\"],\"optionalArgs\":[],\"joinArgs\":false}"}}
[info] i  ui: Emulator UI logging to ui-debug.log {"metadata":{"emulator":{"name":"ui"},"message":"Emulator UI logging to \u001b[1mui-debug.log\u001b[22m"}}
[debug] [2021-12-14T21:45:21.427Z] Web / API server started at localhost:4000
 {"metadata":{"emulator":{"name":"ui"},"message":"Web / API server started at localhost:4000\n"}}
[info] i  functions: Watching "D:\Development\React\firebase-test\functions" for Cloud Functions... {"metadata":{"emulator":{"name":"functions"},"message":"Watching \"D:\\Development\\React\\firebase-test\\functions\" for Cloud Functions..."}}
[debug] [2021-12-14T21:45:21.615Z] [worker-pool] addWorker(~diagnostic~) {"metadata":{"emulator":{"name":"functions"},"message":"[worker-pool] addWorker(~diagnostic~)"}}
[debug] [2021-12-14T21:45:21.615Z] [worker-pool] Adding worker with key ~diagnostic~, total=1 {"metadata":{"emulator":{"name":"functions"},"message":"[worker-pool] Adding worker with key ~diagnostic~, total=1"}}
[debug] [2021-12-14T21:45:21.615Z] [worker-pool] submitWork(triggerId=) {"metadata":{"emulator":{"name":"functions"},"message":"[worker-pool] submitWork(triggerId=)"}}
[debug] [2021-12-14T21:45:21.616Z] [worker-~diagnostic~-ea4048c3-ba34-49fd-b038-8011aa6ddb5d]: Assigning socketPath: \\?\pipe\D:\Development\React\firebase-test\functions\4572 {"metadata":{"emulator":{"name":"functions"},"message":"[worker-~diagnostic~-ea4048c3-ba34-49fd-b038-8011aa6ddb5d]: Assigning socketPath: \\\\?\\pipe\\D:\\Development\\React\\firebase-test\\functions\\4572"}}
[debug] [2021-12-14T21:45:21.616Z] [worker-~diagnostic~-ea4048c3-ba34-49fd-b038-8011aa6ddb5d]: BUSY {"metadata":{"emulator":{"name":"functions"},"message":"[worker-~diagnostic~-ea4048c3-ba34-49fd-b038-8011aa6ddb5d]: BUSY"}}
[debug] [2021-12-14T21:45:21.748Z] [runtime-status] [4572] Functions runtime initialized. {"cwd":"D:\\Development\\React\\firebase-test\\functions","node_version":"14.17.6"} {"metadata":{"emulator":{"name":"functions"},"message":"[runtime-status] [4572] Functions runtime initialized. {\"cwd\":\"D:\\\\Development\\\\React\\\\firebase-test\\\\functions\",\"node_version\":\"14.17.6\"}"}}
[debug] [2021-12-14T21:45:21.748Z] [runtime-status] [4572] Disabled runtime features: undefined {"metadata":{"emulator":{"name":"functions"},"message":"[runtime-status] [4572] Disabled runtime features: undefined"}}
[debug] [2021-12-14T21:45:21.750Z] [runtime-status] [4572] Resolved module firebase-admin {"declared":true,"installed":true,"version":"9.12.0","resolution":"D:\\Development\\React\\firebase-test\\functions\\node_modules\\firebase-admin\\lib\\index.js"} {"metadata":{"emulator":{"name":"functions"},"message":"[runtime-status] [4572] Resolved module firebase-admin {\"declared\":true,\"installed\":true,\"version\":\"9.12.0\",\"resolution\":\"D:\\\\Development\\\\React\\\\firebase-test\\\\functions\\\\node_modules\\\\firebase-admin\\\\lib\\\\index.js\"}"}}
[debug] [2021-12-14T21:45:21.752Z] [runtime-status] [4572] Resolved module firebase-functions {"declared":true,"installed":true,"version":"3.16.0","resolution":"D:\\Development\\React\\firebase-test\\functions\\node_modules\\firebase-functions\\lib\\index.js"} {"metadata":{"emulator":{"name":"functions"},"message":"[runtime-status] [4572] Resolved module firebase-functions {\"declared\":true,\"installed\":true,\"version\":\"3.16.0\",\"resolution\":\"D:\\\\Development\\\\React\\\\firebase-test\\\\functions\\\\node_modules\\\\firebase-functions\\\\lib\\\\index.js\"}"}}
[debug] [2021-12-14T21:45:21.753Z] [runtime-status] [4572] Outgoing network have been stubbed. [{"name":"http","status":"mocked"},{"name":"http","status":"mocked"},{"name":"https","status":"mocked"},{"name":"https","status":"mocked"},{"name":"net","status":"mocked"}] {"metadata":{"emulator":{"name":"functions"},"message":"[runtime-status] [4572] Outgoing network have been stubbed. [{\"name\":\"http\",\"status\":\"mocked\"},{\"name\":\"http\",\"status\":\"mocked\"},{\"name\":\"https\",\"status\":\"mocked\"},{\"name\":\"https\",\"status\":\"mocked\"},{\"name\":\"net\",\"status\":\"mocked\"}]"}}
[debug] [2021-12-14T21:45:21.754Z] [runtime-status] [4572] Resolved module firebase-functions {"declared":true,"installed":true,"version":"3.16.0","resolution":"D:\\Development\\React\\firebase-test\\functions\\node_modules\\firebase-functions\\lib\\index.js"} {"metadata":{"emulator":{"name":"functions"},"message":"[runtime-status] [4572] Resolved module firebase-functions {\"declared\":true,\"installed\":true,\"version\":\"3.16.0\",\"resolution\":\"D:\\\\Development\\\\React\\\\firebase-test\\\\functions\\\\node_modules\\\\firebase-functions\\\\lib\\\\index.js\"}"}}
[debug] [2021-12-14T21:45:21.784Z] [runtime-status] [4572] Checked functions.config() {"config":{}} {"metadata":{"emulator":{"name":"functions"},"message":"[runtime-status] [4572] Checked functions.config() {\"config\":{}}"}}
[debug] [2021-12-14T21:45:21.784Z] [runtime-status] [4572] firebase-functions has been stubbed. {"functionsResolution":{"declared":true,"installed":true,"version":"3.16.0","resolution":"D:\\Development\\React\\firebase-test\\functions\\node_modules\\firebase-functions\\lib\\index.js"}} {"metadata":{"emulator":{"name":"functions"},"message":"[runtime-status] [4572] firebase-functions has been stubbed. {\"functionsResolution\":{\"declared\":true,\"installed\":true,\"version\":\"3.16.0\",\"resolution\":\"D:\\\\Development\\\\React\\\\firebase-test\\\\functions\\\\node_modules\\\\firebase-functions\\\\lib\\\\index.js\"}}"}}
[debug] [2021-12-14T21:45:21.784Z] [runtime-status] [4572] Resolved module firebase-functions {"declared":true,"installed":true,"version":"3.16.0","resolution":"D:\\Development\\React\\firebase-test\\functions\\node_modules\\firebase-functions\\lib\\index.js"} {"metadata":{"emulator":{"name":"functions"},"message":"[runtime-status] [4572] Resolved module firebase-functions {\"declared\":true,\"installed\":true,\"version\":\"3.16.0\",\"resolution\":\"D:\\\\Development\\\\React\\\\firebase-test\\\\functions\\\\node_modules\\\\firebase-functions\\\\lib\\\\index.js\"}"}}
[debug] [2021-12-14T21:45:21.785Z] [runtime-status] [4572] Resolved module firebase-admin {"declared":true,"installed":true,"version":"9.12.0","resolution":"D:\\Development\\React\\firebase-test\\functions\\node_modules\\firebase-admin\\lib\\index.js"} {"metadata":{"emulator":{"name":"functions"},"message":"[runtime-status] [4572] Resolved module firebase-admin {\"declared\":true,\"installed\":true,\"version\":\"9.12.0\",\"resolution\":\"D:\\\\Development\\\\React\\\\firebase-test\\\\functions\\\\node_modules\\\\firebase-admin\\\\lib\\\\index.js\"}"}}
[debug] [2021-12-14T21:45:21.785Z] [runtime-status] [4572] Resolved module firebase-functions {"declared":true,"installed":true,"version":"3.16.0","resolution":"D:\\Development\\React\\firebase-test\\functions\\node_modules\\firebase-functions\\lib\\index.js"} {"metadata":{"emulator":{"name":"functions"},"message":"[runtime-status] [4572] Resolved module firebase-functions {\"declared\":true,\"installed\":true,\"version\":\"3.16.0\",\"resolution\":\"D:\\\\Development\\\\React\\\\firebase-test\\\\functions\\\\node_modules\\\\firebase-functions\\\\lib\\\\index.js\"}"}}
[debug] [2021-12-14T21:45:21.786Z] [runtime-status] [4572] firebase-admin has been stubbed. {"adminResolution":{"declared":true,"installed":true,"version":"9.12.0","resolution":"D:\\Development\\React\\firebase-test\\functions\\node_modules\\firebase-admin\\lib\\index.js"}} {"metadata":{"emulator":{"name":"functions"},"message":"[runtime-status] [4572] firebase-admin has been stubbed. {\"adminResolution\":{\"declared\":true,\"installed\":true,\"version\":\"9.12.0\",\"resolution\":\"D:\\\\Development\\\\React\\\\firebase-test\\\\functions\\\\node_modules\\\\firebase-admin\\\\lib\\\\index.js\"}}"}}
[info] +  functions[us-central1-helloWorld]: http function initialized (http://localhost:5001/test-5c453/us-central1/helloWorld). {"metadata":{"emulator":{"name":"functions"},"message":"\u001b[1mhttp\u001b[22m function initialized (http://localhost:5001/test-5c453/us-central1/helloWorld)."}}
[info] 
┌─────────────────────────────────────────────────────────────┐
│ ✔  All emulators ready! It is now safe to connect your app. │
│ i  View Emulator UI at http://localhost:4000                │
└─────────────────────────────────────────────────────────────┘

┌────────────────┬─────────────────┬─────────────────────────────────┐
│ Emulator       │ Host:Port       │ View in Emulator UI             │
├────────────────┼─────────────────┼─────────────────────────────────┤
│ Authentication │ localhost:9099  │ http://localhost:4000/auth      │
├────────────────┼─────────────────┼─────────────────────────────────┤
│ Functions      │ localhost:5001  │ http://localhost:4000/functions │
├────────────────┼─────────────────┼─────────────────────────────────┤
│ Firestore      │ localhost:41234 │ http://localhost:4000/firestore │
└────────────────┴─────────────────┴─────────────────────────────────┘
  Emulator Hub running at localhost:4400
  Other reserved ports: 4500

Issues? Report them at https://github.com/firebase/firebase-tools/issues and attach the *-debug.log files.
 
[debug] [2021-12-14T21:45:21.792Z] [worker-~diagnostic~-ea4048c3-ba34-49fd-b038-8011aa6ddb5d]: IDLE {"metadata":{"emulator":{"name":"functions"},"message":"[worker-~diagnostic~-ea4048c3-ba34-49fd-b038-8011aa6ddb5d]: IDLE"}}
