[debug] [2021-12-20T18:31:42.934Z] ----------------------------------------------------------------------
[debug] [2021-12-20T18:31:42.936Z] Command:       C:\Program Files\nodejs\node.exe C:\Users\Christian\AppData\Roaming\npm\node_modules\firebase-tools\lib\bin\firebase.js emulators:start --import=seed
[debug] [2021-12-20T18:31:42.936Z] CLI Version:   9.23.1
[debug] [2021-12-20T18:31:42.936Z] Platform:      win32
[debug] [2021-12-20T18:31:42.936Z] Node Version:  v14.17.6
[debug] [2021-12-20T18:31:42.937Z] Time:          Mon Dec 20 2021 19:31:42 GMT+0100 (Central European Standard Time)
[debug] [2021-12-20T18:31:42.937Z] ----------------------------------------------------------------------
[debug] 
[debug] [2021-12-20T18:31:42.939Z] >>> [apiv2][query] GET https://firebase-public.firebaseio.com/cli.json [none]
[debug] [2021-12-20T18:31:42.993Z] > command requires scopes: ["email","openid","https://www.googleapis.com/auth/cloudplatformprojects.readonly","https://www.googleapis.com/auth/firebase","https://www.googleapis.com/auth/cloud-platform"]
[debug] [2021-12-20T18:31:42.993Z] > authorizing via signed-in user (alvadda@gmail.com)
[info] i  emulators: Starting emulators: auth, functions, firestore {"metadata":{"emulator":{"name":"hub"},"message":"Starting emulators: auth, functions, firestore"}}
[debug] [2021-12-20T18:31:43.012Z] [hub] writing locator at C:\Users\CHRIST~1\AppData\Local\Temp\hub-test-5c453.json
[warn] !  functions: The following emulators are not running, calls to these services from the Functions emulator will affect production: database, hosting, pubsub, storage {"metadata":{"emulator":{"name":"functions"},"message":"The following emulators are not running, calls to these services from the Functions emulator will affect production: \u001b[1mdatabase, hosting, pubsub, storage\u001b[22m"}}
[info] +  functions: Using node@14 from host. {"metadata":{"emulator":{"name":"functions"},"message":"Using node@14 from host."}}
[debug] [2021-12-20T18:31:43.022Z] defaultcredentials: writing to file C:\Users\Christian\AppData\Roaming\firebase\alvadda_gmail_com_application_default_credentials.json
[debug] [2021-12-20T18:31:43.023Z] Setting GAC to C:\Users\Christian\AppData\Roaming\firebase\alvadda_gmail_com_application_default_credentials.json {"metadata":{"emulator":{"name":"functions"},"message":"Setting GAC to C:\\Users\\Christian\\AppData\\Roaming\\firebase\\alvadda_gmail_com_application_default_credentials.json"}}
[debug] [2021-12-20T18:31:43.023Z] > refreshing access token with scopes: []
[debug] [2021-12-20T18:31:43.024Z] >>> HTTP REQUEST POST https://www.googleapis.com/oauth2/v3/token  
 <request body omitted>
[debug] [2021-12-20T18:31:43.115Z] <<< HTTP RESPONSE 200 {"cache-control":"no-cache, no-store, max-age=0, must-revalidate","date":"Mon, 20 Dec 2021 18:31:43 GMT","expires":"Mon, 01 Jan 1990 00:00:00 GMT","pragma":"no-cache","content-type":"application/json; charset=utf-8","vary":"X-Origin, Referer, Origin,Accept-Encoding","server":"scaffolding on HTTPServer2","x-xss-protection":"0","x-frame-options":"SAMEORIGIN","x-content-type-options":"nosniff","alt-svc":"h3=\":443\"; ma=2592000,h3-29=\":443\"; ma=2592000,h3-Q050=\":443\"; ma=2592000,h3-Q046=\":443\"; ma=2592000,h3-Q043=\":443\"; ma=2592000,quic=\":443\"; ma=2592000; v=\"46,43\"","accept-ranges":"none","transfer-encoding":"chunked"}
[debug] [2021-12-20T18:31:43.122Z] >>> [apiv2][query] GET https://firebase.googleapis.com/v1beta1/projects/test-5c453/adminSdkConfig [none]
[debug] [2021-12-20T18:31:43.348Z] <<< [apiv2][status] GET https://firebase.googleapis.com/v1beta1/projects/test-5c453/adminSdkConfig 200
[debug] [2021-12-20T18:31:43.348Z] <<< [apiv2][body] GET https://firebase.googleapis.com/v1beta1/projects/test-5c453/adminSdkConfig {"projectId":"test-5c453","storageBucket":"test-5c453.appspot.com","locationId":"europe-west"}
[info] i  firestore: Importing data from D:\Development\React\firebase-test\seed\firestore_export\firestore_export.overall_export_metadata {"metadata":{"emulator":{"name":"firestore"},"message":"Importing data from D:\\Development\\React\\firebase-test\\seed\\firestore_export\\firestore_export.overall_export_metadata"}}
[debug] [2021-12-20T18:31:43.357Z] Ignoring unsupported arg: projectId {"metadata":{"emulator":{"name":"firestore"},"message":"Ignoring unsupported arg: projectId"}}
[debug] [2021-12-20T18:31:43.357Z] Ignoring unsupported arg: auto_download {"metadata":{"emulator":{"name":"firestore"},"message":"Ignoring unsupported arg: auto_download"}}
[debug] [2021-12-20T18:31:43.357Z] Starting Firestore Emulator with command {"binary":"java","args":["-Dgoogle.cloud_firestore.debug_log_level=FINE","-Duser.language=en","-jar","C:\\Users\\Christian\\.cache\\firebase\\emulators\\cloud-firestore-emulator-v1.13.1.jar","--host","localhost","--port",41234,"--seed_from_export","D:\\Development\\React\\firebase-test\\seed\\firestore_export\\firestore_export.overall_export_metadata","--rules","D:\\Development\\React\\firebase-test\\firestore.rules","--functions_emulator","localhost:5001"],"optionalArgs":["port","webchannel_port","host","rules","functions_emulator","seed_from_export"],"joinArgs":false} {"metadata":{"emulator":{"name":"firestore"},"message":"Starting Firestore Emulator with command {\"binary\":\"java\",\"args\":[\"-Dgoogle.cloud_firestore.debug_log_level=FINE\",\"-Duser.language=en\",\"-jar\",\"C:\\\\Users\\\\Christian\\\\.cache\\\\firebase\\\\emulators\\\\cloud-firestore-emulator-v1.13.1.jar\",\"--host\",\"localhost\",\"--port\",41234,\"--seed_from_export\",\"D:\\\\Development\\\\React\\\\firebase-test\\\\seed\\\\firestore_export\\\\firestore_export.overall_export_metadata\",\"--rules\",\"D:\\\\Development\\\\React\\\\firebase-test\\\\firestore.rules\",\"--functions_emulator\",\"localhost:5001\"],\"optionalArgs\":[\"port\",\"webchannel_port\",\"host\",\"rules\",\"functions_emulator\",\"seed_from_export\"],\"joinArgs\":false}"}}
[info] i  firestore: Firestore Emulator logging to firestore-debug.log {"metadata":{"emulator":{"name":"firestore"},"message":"Firestore Emulator logging to \u001b[1mfirestore-debug.log\u001b[22m"}}
[debug] [2021-12-20T18:31:43.364Z] <<< [apiv2][status] GET https://firebase-public.firebaseio.com/cli.json 200
[debug] [2021-12-20T18:31:43.364Z] <<< [apiv2][body] GET https://firebase-public.firebaseio.com/cli.json {"cloudBuildErrorAfter":1594252800000,"cloudBuildWarnAfter":1590019200000,"defaultNode10After":1594252800000,"minVersion":"3.0.5","node8DeploysDisabledAfter":1613390400000,"node8RuntimeDisabledAfter":1615809600000,"node8WarnAfter":1600128000000}
[info] i  auth: Importing config from D:\Development\React\firebase-test\seed\auth_export\config.json {"metadata":{"emulator":{"name":"database"},"message":"Importing config from D:\\Development\\React\\firebase-test\\seed\\auth_export\\config.json"}}
[info] i  auth: Importing accounts from D:\Development\React\firebase-test\seed\auth_export\accounts.json {"metadata":{"emulator":{"name":"database"},"message":"Importing accounts from D:\\Development\\React\\firebase-test\\seed\\auth_export\\accounts.json"}}
[debug] [2021-12-20T18:31:46.668Z] Ignoring unsupported arg: auto_download {"metadata":{"emulator":{"name":"ui"},"message":"Ignoring unsupported arg: auto_download"}}
[debug] [2021-12-20T18:31:46.669Z] Ignoring unsupported arg: port {"metadata":{"emulator":{"name":"ui"},"message":"Ignoring unsupported arg: port"}}
[debug] [2021-12-20T18:31:46.669Z] Starting Emulator UI with command {"binary":"node","args":["C:\\Users\\Christian\\.cache\\firebase\\emulators\\ui-v1.6.4\\server.bundle.js"],"optionalArgs":[],"joinArgs":false} {"metadata":{"emulator":{"name":"ui"},"message":"Starting Emulator UI with command {\"binary\":\"node\",\"args\":[\"C:\\\\Users\\\\Christian\\\\.cache\\\\firebase\\\\emulators\\\\ui-v1.6.4\\\\server.bundle.js\"],\"optionalArgs\":[],\"joinArgs\":false}"}}
[info] i  ui: Emulator UI logging to ui-debug.log {"metadata":{"emulator":{"name":"ui"},"message":"Emulator UI logging to \u001b[1mui-debug.log\u001b[22m"}}
[debug] [2021-12-20T18:31:46.746Z] Web / API server started at localhost:4000
 {"metadata":{"emulator":{"name":"ui"},"message":"Web / API server started at localhost:4000\n"}}
[info] i  functions: Watching "D:\Development\React\firebase-test\functions" for Cloud Functions... {"metadata":{"emulator":{"name":"functions"},"message":"Watching \"D:\\Development\\React\\firebase-test\\functions\" for Cloud Functions..."}}
[debug] [2021-12-20T18:31:46.940Z] [worker-pool] addWorker(~diagnostic~) {"metadata":{"emulator":{"name":"functions"},"message":"[worker-pool] addWorker(~diagnostic~)"}}
[debug] [2021-12-20T18:31:46.940Z] [worker-pool] Adding worker with key ~diagnostic~, total=1 {"metadata":{"emulator":{"name":"functions"},"message":"[worker-pool] Adding worker with key ~diagnostic~, total=1"}}
[debug] [2021-12-20T18:31:46.940Z] [worker-pool] submitWork(triggerId=) {"metadata":{"emulator":{"name":"functions"},"message":"[worker-pool] submitWork(triggerId=)"}}
[debug] [2021-12-20T18:31:46.941Z] [worker-~diagnostic~-0d02d6bd-db11-4f53-be89-2389a0e59a11]: Assigning socketPath: \\?\pipe\D:\Development\React\firebase-test\functions\10020 {"metadata":{"emulator":{"name":"functions"},"message":"[worker-~diagnostic~-0d02d6bd-db11-4f53-be89-2389a0e59a11]: Assigning socketPath: \\\\?\\pipe\\D:\\Development\\React\\firebase-test\\functions\\10020"}}
[debug] [2021-12-20T18:31:46.941Z] [worker-~diagnostic~-0d02d6bd-db11-4f53-be89-2389a0e59a11]: BUSY {"metadata":{"emulator":{"name":"functions"},"message":"[worker-~diagnostic~-0d02d6bd-db11-4f53-be89-2389a0e59a11]: BUSY"}}
[debug] [2021-12-20T18:31:47.071Z] [runtime-status] [10020] Functions runtime initialized. {"cwd":"D:\\Development\\React\\firebase-test\\functions","node_version":"14.17.6"} {"metadata":{"emulator":{"name":"functions"},"message":"[runtime-status] [10020] Functions runtime initialized. {\"cwd\":\"D:\\\\Development\\\\React\\\\firebase-test\\\\functions\",\"node_version\":\"14.17.6\"}"}}
[debug] [2021-12-20T18:31:47.072Z] [runtime-status] [10020] Disabled runtime features: undefined {"metadata":{"emulator":{"name":"functions"},"message":"[runtime-status] [10020] Disabled runtime features: undefined"}}
[debug] [2021-12-20T18:31:47.074Z] [runtime-status] [10020] Resolved module firebase-admin {"declared":true,"installed":true,"version":"9.12.0","resolution":"D:\\Development\\React\\firebase-test\\functions\\node_modules\\firebase-admin\\lib\\index.js"} {"metadata":{"emulator":{"name":"functions"},"message":"[runtime-status] [10020] Resolved module firebase-admin {\"declared\":true,\"installed\":true,\"version\":\"9.12.0\",\"resolution\":\"D:\\\\Development\\\\React\\\\firebase-test\\\\functions\\\\node_modules\\\\firebase-admin\\\\lib\\\\index.js\"}"}}
[debug] [2021-12-20T18:31:47.077Z] [runtime-status] [10020] Resolved module firebase-functions {"declared":true,"installed":true,"version":"3.16.0","resolution":"D:\\Development\\React\\firebase-test\\functions\\node_modules\\firebase-functions\\lib\\index.js"} {"metadata":{"emulator":{"name":"functions"},"message":"[runtime-status] [10020] Resolved module firebase-functions {\"declared\":true,\"installed\":true,\"version\":\"3.16.0\",\"resolution\":\"D:\\\\Development\\\\React\\\\firebase-test\\\\functions\\\\node_modules\\\\firebase-functions\\\\lib\\\\index.js\"}"}}
[debug] [2021-12-20T18:31:47.078Z] [runtime-status] [10020] Outgoing network have been stubbed. [{"name":"http","status":"mocked"},{"name":"http","status":"mocked"},{"name":"https","status":"mocked"},{"name":"https","status":"mocked"},{"name":"net","status":"mocked"}] {"metadata":{"emulator":{"name":"functions"},"message":"[runtime-status] [10020] Outgoing network have been stubbed. [{\"name\":\"http\",\"status\":\"mocked\"},{\"name\":\"http\",\"status\":\"mocked\"},{\"name\":\"https\",\"status\":\"mocked\"},{\"name\":\"https\",\"status\":\"mocked\"},{\"name\":\"net\",\"status\":\"mocked\"}]"}}
[debug] [2021-12-20T18:31:47.078Z] [runtime-status] [10020] Resolved module firebase-functions {"declared":true,"installed":true,"version":"3.16.0","resolution":"D:\\Development\\React\\firebase-test\\functions\\node_modules\\firebase-functions\\lib\\index.js"} {"metadata":{"emulator":{"name":"functions"},"message":"[runtime-status] [10020] Resolved module firebase-functions {\"declared\":true,\"installed\":true,\"version\":\"3.16.0\",\"resolution\":\"D:\\\\Development\\\\React\\\\firebase-test\\\\functions\\\\node_modules\\\\firebase-functions\\\\lib\\\\index.js\"}"}}
[debug] [2021-12-20T18:31:47.123Z] [runtime-status] [10020] Checked functions.config() {"config":{}} {"metadata":{"emulator":{"name":"functions"},"message":"[runtime-status] [10020] Checked functions.config() {\"config\":{}}"}}
[debug] [2021-12-20T18:31:47.123Z] [runtime-status] [10020] firebase-functions has been stubbed. {"functionsResolution":{"declared":true,"installed":true,"version":"3.16.0","resolution":"D:\\Development\\React\\firebase-test\\functions\\node_modules\\firebase-functions\\lib\\index.js"}} {"metadata":{"emulator":{"name":"functions"},"message":"[runtime-status] [10020] firebase-functions has been stubbed. {\"functionsResolution\":{\"declared\":true,\"installed\":true,\"version\":\"3.16.0\",\"resolution\":\"D:\\\\Development\\\\React\\\\firebase-test\\\\functions\\\\node_modules\\\\firebase-functions\\\\lib\\\\index.js\"}}"}}
[debug] [2021-12-20T18:31:47.124Z] [runtime-status] [10020] Resolved module firebase-functions {"declared":true,"installed":true,"version":"3.16.0","resolution":"D:\\Development\\React\\firebase-test\\functions\\node_modules\\firebase-functions\\lib\\index.js"} {"metadata":{"emulator":{"name":"functions"},"message":"[runtime-status] [10020] Resolved module firebase-functions {\"declared\":true,\"installed\":true,\"version\":\"3.16.0\",\"resolution\":\"D:\\\\Development\\\\React\\\\firebase-test\\\\functions\\\\node_modules\\\\firebase-functions\\\\lib\\\\index.js\"}"}}
[debug] [2021-12-20T18:31:47.124Z] [runtime-status] [10020] Resolved module firebase-admin {"declared":true,"installed":true,"version":"9.12.0","resolution":"D:\\Development\\React\\firebase-test\\functions\\node_modules\\firebase-admin\\lib\\index.js"} {"metadata":{"emulator":{"name":"functions"},"message":"[runtime-status] [10020] Resolved module firebase-admin {\"declared\":true,\"installed\":true,\"version\":\"9.12.0\",\"resolution\":\"D:\\\\Development\\\\React\\\\firebase-test\\\\functions\\\\node_modules\\\\firebase-admin\\\\lib\\\\index.js\"}"}}
[debug] [2021-12-20T18:31:47.125Z] [runtime-status] [10020] Resolved module firebase-functions {"declared":true,"installed":true,"version":"3.16.0","resolution":"D:\\Development\\React\\firebase-test\\functions\\node_modules\\firebase-functions\\lib\\index.js"} {"metadata":{"emulator":{"name":"functions"},"message":"[runtime-status] [10020] Resolved module firebase-functions {\"declared\":true,\"installed\":true,\"version\":\"3.16.0\",\"resolution\":\"D:\\\\Development\\\\React\\\\firebase-test\\\\functions\\\\node_modules\\\\firebase-functions\\\\lib\\\\index.js\"}"}}
[debug] [2021-12-20T18:31:47.125Z] [runtime-status] [10020] firebase-admin has been stubbed. {"adminResolution":{"declared":true,"installed":true,"version":"9.12.0","resolution":"D:\\Development\\React\\firebase-test\\functions\\node_modules\\firebase-admin\\lib\\index.js"}} {"metadata":{"emulator":{"name":"functions"},"message":"[runtime-status] [10020] firebase-admin has been stubbed. {\"adminResolution\":{\"declared\":true,\"installed\":true,\"version\":\"9.12.0\",\"resolution\":\"D:\\\\Development\\\\React\\\\firebase-test\\\\functions\\\\node_modules\\\\firebase-admin\\\\lib\\\\index.js\"}}"}}
[debug] [2021-12-20T18:31:47.127Z] [runtime-status] [10020] initializeApp(DEFAULT) {"storageBucket":"test-5c453.appspot.com","projectId":"test-5c453"} {"metadata":{"emulator":{"name":"functions"},"message":"[runtime-status] [10020] initializeApp(DEFAULT) {\"storageBucket\":\"test-5c453.appspot.com\",\"projectId\":\"test-5c453\"}"}}
[info] +  functions[us-central1-helloWorld]: http function initialized (http://localhost:5001/test-5c453/us-central1/helloWorld). {"metadata":{"emulator":{"name":"functions"},"message":"\u001b[1mhttp\u001b[22m function initialized (http://localhost:5001/test-5c453/us-central1/helloWorld)."}}
[debug] [2021-12-20T18:31:47.156Z] addFirestoreTrigger "{\"eventTrigger\":{\"resource\":\"projects/test-5c453/databases/(default)/documents/users/{documentId}/session/{documentId}\",\"eventType\":\"providers/cloud.firestore/eventTypes/document.create\",\"service\":\"firestore.googleapis.com\"}}"
[debug] [2021-12-20T18:31:47.156Z] >>> HTTP REQUEST PUT http://localhost:41234/emulator/v1/projects/test-5c453/triggers/us-central1-session-0  
 {"eventTrigger":{"resource":"projects/test-5c453/databases/(default)/documents/users/{documentId}/session/{documentId}","eventType":"providers/cloud.firestore/eventTypes/document.create","service":"firestore.googleapis.com"}}
[debug] [2021-12-20T18:31:47.157Z] [worker-~diagnostic~-0d02d6bd-db11-4f53-be89-2389a0e59a11]: IDLE {"metadata":{"emulator":{"name":"functions"},"message":"[worker-~diagnostic~-0d02d6bd-db11-4f53-be89-2389a0e59a11]: IDLE"}}
[debug] [2021-12-20T18:31:47.635Z] <<< HTTP RESPONSE 200 {"content-type":"application/json","content-length":"4"}
[info] +  functions[us-central1-session]: firestore function initialized. {"metadata":{"emulator":{"name":"functions"},"message":"\u001b[1mfirestore\u001b[22m function initialized."}}
[info] +  functions[us-central1-getOpenSessions]: http function initialized (http://localhost:5001/test-5c453/us-central1/getOpenSessions). {"metadata":{"emulator":{"name":"functions"},"message":"\u001b[1mhttp\u001b[22m function initialized (http://localhost:5001/test-5c453/us-central1/getOpenSessions)."}}
[info] 
┌─────────────────────────────────────────────────────────────┐
│ ✔  All emulators ready! It is now safe to connect your app. │
│ i  View Emulator UI at http://localhost:4000                │
└─────────────────────────────────────────────────────────────┘

┌────────────────┬─────────────────┬─────────────────────────────────┐
│ Emulator       │ Host:Port       │ View in Emulator UI             │
├────────────────┼─────────────────┼─────────────────────────────────┤
│ Authentication │ localhost:9099  │ http://localhost:4000/auth      │
├────────────────┼─────────────────┼─────────────────────────────────┤
│ Functions      │ localhost:5001  │ http://localhost:4000/functions │
├────────────────┼─────────────────┼─────────────────────────────────┤
│ Firestore      │ localhost:41234 │ http://localhost:4000/firestore │
└────────────────┴─────────────────┴─────────────────────────────────┘
  Emulator Hub running at localhost:4400
  Other reserved ports: 4500

Issues? Report them at https://github.com/firebase/firebase-tools/issues and attach the *-debug.log files.
 
[debug] [2021-12-20T18:34:18.356Z] [work-queue] {"queueLength":1,"workRunningCount":0}
[debug] [2021-12-20T18:34:18.356Z] [work-queue] {"queueLength":0,"workRunningCount":1}
[debug] [2021-12-20T18:34:18.356Z] Accepted request POST /functions/projects/test-5c453/triggers/us-central1-session-0 --> us-central1-session-0 {"metadata":{"emulator":{"name":"functions"},"message":"Accepted request POST /functions/projects/test-5c453/triggers/us-central1-session-0 --> us-central1-session-0"}}
[debug] [2021-12-20T18:34:18.360Z] [worker-pool] addWorker(us-central1-session) {"metadata":{"emulator":{"name":"functions"},"message":"[worker-pool] addWorker(us-central1-session)"}}
[debug] [2021-12-20T18:34:18.361Z] [worker-pool] Adding worker with key us-central1-session, total=1 {"metadata":{"emulator":{"name":"functions"},"message":"[worker-pool] Adding worker with key us-central1-session, total=1"}}
[debug] [2021-12-20T18:34:18.361Z] [worker-pool] submitWork(triggerId=us-central1-session) {"metadata":{"emulator":{"name":"functions"},"message":"[worker-pool] submitWork(triggerId=us-central1-session)"}}
[debug] [2021-12-20T18:34:18.361Z] [worker-us-central1-session-0bd3081b-956c-45bb-b20f-d76350df5b20]: Assigning socketPath: \\?\pipe\D:\Development\React\firebase-test\functions\2500 {"metadata":{"emulator":{"name":"functions"},"message":"[worker-us-central1-session-0bd3081b-956c-45bb-b20f-d76350df5b20]: Assigning socketPath: \\\\?\\pipe\\D:\\Development\\React\\firebase-test\\functions\\2500"}}
[debug] [2021-12-20T18:34:18.361Z] [worker-us-central1-session-0bd3081b-956c-45bb-b20f-d76350df5b20]: BUSY {"metadata":{"emulator":{"name":"functions"},"message":"[worker-us-central1-session-0bd3081b-956c-45bb-b20f-d76350df5b20]: BUSY"}}
[debug] [2021-12-20T18:34:18.498Z] [runtime-status] [2500] Functions runtime initialized. {"cwd":"D:\\Development\\React\\firebase-test\\functions","node_version":"14.17.6"} {"metadata":{"emulator":{"name":"functions"},"function":{"name":"us-central1-session"},"message":"[runtime-status] [2500] Functions runtime initialized. {\"cwd\":\"D:\\\\Development\\\\React\\\\firebase-test\\\\functions\",\"node_version\":\"14.17.6\"}"}}
[debug] [2021-12-20T18:34:18.499Z] [runtime-status] [2500] Disabled runtime features: undefined {"metadata":{"emulator":{"name":"functions"},"function":{"name":"us-central1-session"},"message":"[runtime-status] [2500] Disabled runtime features: undefined"}}
[debug] [2021-12-20T18:34:18.501Z] [runtime-status] [2500] Resolved module firebase-admin {"declared":true,"installed":true,"version":"9.12.0","resolution":"D:\\Development\\React\\firebase-test\\functions\\node_modules\\firebase-admin\\lib\\index.js"} {"metadata":{"emulator":{"name":"functions"},"function":{"name":"us-central1-session"},"message":"[runtime-status] [2500] Resolved module firebase-admin {\"declared\":true,\"installed\":true,\"version\":\"9.12.0\",\"resolution\":\"D:\\\\Development\\\\React\\\\firebase-test\\\\functions\\\\node_modules\\\\firebase-admin\\\\lib\\\\index.js\"}"}}
[debug] [2021-12-20T18:34:18.503Z] [runtime-status] [2500] Resolved module firebase-functions {"declared":true,"installed":true,"version":"3.16.0","resolution":"D:\\Development\\React\\firebase-test\\functions\\node_modules\\firebase-functions\\lib\\index.js"} {"metadata":{"emulator":{"name":"functions"},"function":{"name":"us-central1-session"},"message":"[runtime-status] [2500] Resolved module firebase-functions {\"declared\":true,\"installed\":true,\"version\":\"3.16.0\",\"resolution\":\"D:\\\\Development\\\\React\\\\firebase-test\\\\functions\\\\node_modules\\\\firebase-functions\\\\lib\\\\index.js\"}"}}
[debug] [2021-12-20T18:34:18.504Z] [runtime-status] [2500] Outgoing network have been stubbed. [{"name":"http","status":"mocked"},{"name":"http","status":"mocked"},{"name":"https","status":"mocked"},{"name":"https","status":"mocked"},{"name":"net","status":"mocked"}] {"metadata":{"emulator":{"name":"functions"},"function":{"name":"us-central1-session"},"message":"[runtime-status] [2500] Outgoing network have been stubbed. [{\"name\":\"http\",\"status\":\"mocked\"},{\"name\":\"http\",\"status\":\"mocked\"},{\"name\":\"https\",\"status\":\"mocked\"},{\"name\":\"https\",\"status\":\"mocked\"},{\"name\":\"net\",\"status\":\"mocked\"}]"}}
[debug] [2021-12-20T18:34:18.505Z] [runtime-status] [2500] Resolved module firebase-functions {"declared":true,"installed":true,"version":"3.16.0","resolution":"D:\\Development\\React\\firebase-test\\functions\\node_modules\\firebase-functions\\lib\\index.js"} {"metadata":{"emulator":{"name":"functions"},"function":{"name":"us-central1-session"},"message":"[runtime-status] [2500] Resolved module firebase-functions {\"declared\":true,\"installed\":true,\"version\":\"3.16.0\",\"resolution\":\"D:\\\\Development\\\\React\\\\firebase-test\\\\functions\\\\node_modules\\\\firebase-functions\\\\lib\\\\index.js\"}"}}
[debug] [2021-12-20T18:34:18.535Z] [runtime-status] [2500] Checked functions.config() {"config":{}} {"metadata":{"emulator":{"name":"functions"},"function":{"name":"us-central1-session"},"message":"[runtime-status] [2500] Checked functions.config() {\"config\":{}}"}}
[debug] [2021-12-20T18:34:18.536Z] [runtime-status] [2500] firebase-functions has been stubbed. {"functionsResolution":{"declared":true,"installed":true,"version":"3.16.0","resolution":"D:\\Development\\React\\firebase-test\\functions\\node_modules\\firebase-functions\\lib\\index.js"}} {"metadata":{"emulator":{"name":"functions"},"function":{"name":"us-central1-session"},"message":"[runtime-status] [2500] firebase-functions has been stubbed. {\"functionsResolution\":{\"declared\":true,\"installed\":true,\"version\":\"3.16.0\",\"resolution\":\"D:\\\\Development\\\\React\\\\firebase-test\\\\functions\\\\node_modules\\\\firebase-functions\\\\lib\\\\index.js\"}}"}}
[debug] [2021-12-20T18:34:18.536Z] [runtime-status] [2500] Resolved module firebase-functions {"declared":true,"installed":true,"version":"3.16.0","resolution":"D:\\Development\\React\\firebase-test\\functions\\node_modules\\firebase-functions\\lib\\index.js"} {"metadata":{"emulator":{"name":"functions"},"function":{"name":"us-central1-session"},"message":"[runtime-status] [2500] Resolved module firebase-functions {\"declared\":true,\"installed\":true,\"version\":\"3.16.0\",\"resolution\":\"D:\\\\Development\\\\React\\\\firebase-test\\\\functions\\\\node_modules\\\\firebase-functions\\\\lib\\\\index.js\"}"}}
[debug] [2021-12-20T18:34:18.537Z] [runtime-status] [2500] Resolved module firebase-admin {"declared":true,"installed":true,"version":"9.12.0","resolution":"D:\\Development\\React\\firebase-test\\functions\\node_modules\\firebase-admin\\lib\\index.js"} {"metadata":{"emulator":{"name":"functions"},"function":{"name":"us-central1-session"},"message":"[runtime-status] [2500] Resolved module firebase-admin {\"declared\":true,\"installed\":true,\"version\":\"9.12.0\",\"resolution\":\"D:\\\\Development\\\\React\\\\firebase-test\\\\functions\\\\node_modules\\\\firebase-admin\\\\lib\\\\index.js\"}"}}
[debug] [2021-12-20T18:34:18.537Z] [runtime-status] [2500] Resolved module firebase-functions {"declared":true,"installed":true,"version":"3.16.0","resolution":"D:\\Development\\React\\firebase-test\\functions\\node_modules\\firebase-functions\\lib\\index.js"} {"metadata":{"emulator":{"name":"functions"},"function":{"name":"us-central1-session"},"message":"[runtime-status] [2500] Resolved module firebase-functions {\"declared\":true,\"installed\":true,\"version\":\"3.16.0\",\"resolution\":\"D:\\\\Development\\\\React\\\\firebase-test\\\\functions\\\\node_modules\\\\firebase-functions\\\\lib\\\\index.js\"}"}}
[debug] [2021-12-20T18:34:18.537Z] [runtime-status] [2500] firebase-admin has been stubbed. {"adminResolution":{"declared":true,"installed":true,"version":"9.12.0","resolution":"D:\\Development\\React\\firebase-test\\functions\\node_modules\\firebase-admin\\lib\\index.js"}} {"metadata":{"emulator":{"name":"functions"},"function":{"name":"us-central1-session"},"message":"[runtime-status] [2500] firebase-admin has been stubbed. {\"adminResolution\":{\"declared\":true,\"installed\":true,\"version\":\"9.12.0\",\"resolution\":\"D:\\\\Development\\\\React\\\\firebase-test\\\\functions\\\\node_modules\\\\firebase-admin\\\\lib\\\\index.js\"}}"}}
[debug] [2021-12-20T18:34:18.539Z] [runtime-status] [2500] initializeApp(DEFAULT) {"storageBucket":"test-5c453.appspot.com","projectId":"test-5c453"} {"metadata":{"emulator":{"name":"functions"},"function":{"name":"us-central1-session"},"message":"[runtime-status] [2500] initializeApp(DEFAULT) {\"storageBucket\":\"test-5c453.appspot.com\",\"projectId\":\"test-5c453\"}"}}
[debug] [2021-12-20T18:34:18.558Z] [runtime-status] [2500] Trigger "us-central1-session" has been found, beginning invocation! {"metadata":{"emulator":{"name":"functions"},"function":{"name":"us-central1-session"},"message":"[runtime-status] [2500] Trigger \"us-central1-session\" has been found, beginning invocation!"}}
[info] i  functions: Beginning execution of "us-central1-session" {"metadata":{"emulator":{"name":"functions"},"function":{"name":"us-central1-session"},"message":"Beginning execution of \"us-central1-session\""}}
[debug] [2021-12-20T18:34:18.559Z] [runtime-status] [2500] triggerDefinition {"eventTrigger":{"resource":"projects/test-5c453/databases/(default)/documents/users/{documentId}/session/{documentId}","eventType":"providers/cloud.firestore/eventTypes/document.create","service":"firestore.googleapis.com"},"name":"session","entryPoint":"session","regions":["us-central1"],"region":"us-central1","id":"us-central1-session"} {"metadata":{"emulator":{"name":"functions"},"function":{"name":"us-central1-session"},"message":"[runtime-status] [2500] triggerDefinition {\"eventTrigger\":{\"resource\":\"projects/test-5c453/databases/(default)/documents/users/{documentId}/session/{documentId}\",\"eventType\":\"providers/cloud.firestore/eventTypes/document.create\",\"service\":\"firestore.googleapis.com\"},\"name\":\"session\",\"entryPoint\":\"session\",\"regions\":[\"us-central1\"],\"region\":\"us-central1\",\"id\":\"us-central1-session\"}"}}
[debug] [2021-12-20T18:34:18.559Z] [runtime-status] [2500] Running us-central1-session in signature event {"metadata":{"emulator":{"name":"functions"},"function":{"name":"us-central1-session"},"message":"[runtime-status] [2500] Running us-central1-session in signature event"}}
[debug] [2021-12-20T18:34:18.559Z] [runtime-status] [2500] ProcessBackground {"data":{"value":{"name":"projects/test-5c453/databases/(default)/documents/users/9gUDBfEeYWf4LzNnUpEFBOOggH12/session/QVJY9c6oxNMMXGGLpbX2","fields":{"start":{"timestampValue":"2021-12-20T18:34:17.305Z"},"activ":{"booleanValue":true}},"createTime":"2021-12-20T18:34:18.304059Z","updateTime":"2021-12-20T18:34:18.304059Z"},"updateMask":{}},"context":{"eventId":"f9f4beb1-3132-4184-9a33-f47645b682ee","timestamp":"2021-12-20T18:34:18.304Z","eventType":"providers/cloud.firestore/eventTypes/document.create","resource":{"name":"projects/test-5c453/databases/(default)/documents/users/9gUDBfEeYWf4LzNnUpEFBOOggH12/session/QVJY9c6oxNMMXGGLpbX2","service":"firestore.googleapis.com"}}} {"metadata":{"emulator":{"name":"functions"},"function":{"name":"us-central1-session"},"message":"[runtime-status] [2500] ProcessBackground {\"data\":{\"value\":{\"name\":\"projects/test-5c453/databases/(default)/documents/users/9gUDBfEeYWf4LzNnUpEFBOOggH12/session/QVJY9c6oxNMMXGGLpbX2\",\"fields\":{\"start\":{\"timestampValue\":\"2021-12-20T18:34:17.305Z\"},\"activ\":{\"booleanValue\":true}},\"createTime\":\"2021-12-20T18:34:18.304059Z\",\"updateTime\":\"2021-12-20T18:34:18.304059Z\"},\"updateMask\":{}},\"context\":{\"eventId\":\"f9f4beb1-3132-4184-9a33-f47645b682ee\",\"timestamp\":\"2021-12-20T18:34:18.304Z\",\"eventType\":\"providers/cloud.firestore/eventTypes/document.create\",\"resource\":{\"name\":\"projects/test-5c453/databases/(default)/documents/users/9gUDBfEeYWf4LzNnUpEFBOOggH12/session/QVJY9c6oxNMMXGGLpbX2\",\"service\":\"firestore.googleapis.com\"}}}"}}
[debug] [2021-12-20T18:34:18.560Z] [runtime-status] [2500] ProcessBackground: lifting resource.name from resource {"name":"projects/test-5c453/databases/(default)/documents/users/9gUDBfEeYWf4LzNnUpEFBOOggH12/session/QVJY9c6oxNMMXGGLpbX2","service":"firestore.googleapis.com"} {"metadata":{"emulator":{"name":"functions"},"function":{"name":"us-central1-session"},"message":"[runtime-status] [2500] ProcessBackground: lifting resource.name from resource {\"name\":\"projects/test-5c453/databases/(default)/documents/users/9gUDBfEeYWf4LzNnUpEFBOOggH12/session/QVJY9c6oxNMMXGGLpbX2\",\"service\":\"firestore.googleapis.com\"}"}}
[debug] [2021-12-20T18:34:18.560Z] [runtime-status] [2500] RunBackground {"data":{"value":{"name":"projects/test-5c453/databases/(default)/documents/users/9gUDBfEeYWf4LzNnUpEFBOOggH12/session/QVJY9c6oxNMMXGGLpbX2","fields":{"start":{"timestampValue":"2021-12-20T18:34:17.305Z"},"activ":{"booleanValue":true}},"createTime":"2021-12-20T18:34:18.304059Z","updateTime":"2021-12-20T18:34:18.304059Z"},"updateMask":{}},"context":{"eventId":"f9f4beb1-3132-4184-9a33-f47645b682ee","timestamp":"2021-12-20T18:34:18.304Z","eventType":"providers/cloud.firestore/eventTypes/document.create","resource":"projects/test-5c453/databases/(default)/documents/users/9gUDBfEeYWf4LzNnUpEFBOOggH12/session/QVJY9c6oxNMMXGGLpbX2"}} {"metadata":{"emulator":{"name":"functions"},"function":{"name":"us-central1-session"},"message":"[runtime-status] [2500] RunBackground {\"data\":{\"value\":{\"name\":\"projects/test-5c453/databases/(default)/documents/users/9gUDBfEeYWf4LzNnUpEFBOOggH12/session/QVJY9c6oxNMMXGGLpbX2\",\"fields\":{\"start\":{\"timestampValue\":\"2021-12-20T18:34:17.305Z\"},\"activ\":{\"booleanValue\":true}},\"createTime\":\"2021-12-20T18:34:18.304059Z\",\"updateTime\":\"2021-12-20T18:34:18.304059Z\"},\"updateMask\":{}},\"context\":{\"eventId\":\"f9f4beb1-3132-4184-9a33-f47645b682ee\",\"timestamp\":\"2021-12-20T18:34:18.304Z\",\"eventType\":\"providers/cloud.firestore/eventTypes/document.create\",\"resource\":\"projects/test-5c453/databases/(default)/documents/users/9gUDBfEeYWf4LzNnUpEFBOOggH12/session/QVJY9c6oxNMMXGGLpbX2\"}}"}}
[info] >  { {"user":"{","metadata":{"emulator":{"name":"functions"},"function":{"name":"us-central1-session"},"message":"\u001b[90m> \u001b[39m {"}}
[info] >    start: Timestamp { _seconds: 1640025257, _nanoseconds: 305000000 }, {"user":"  start: Timestamp { _seconds: 1640025257, _nanoseconds: 305000000 },","metadata":{"emulator":{"name":"functions"},"function":{"name":"us-central1-session"},"message":"\u001b[90m> \u001b[39m   start: Timestamp { _seconds: 1640025257, _nanoseconds: 305000000 },"}}
[info] >    activ: true {"user":"  activ: true","metadata":{"emulator":{"name":"functions"},"function":{"name":"us-central1-session"},"message":"\u001b[90m> \u001b[39m   activ: true"}}
[info] >  } {"user":"}","metadata":{"emulator":{"name":"functions"},"function":{"name":"us-central1-session"},"message":"\u001b[90m> \u001b[39m }"}}
[debug] [2021-12-20T18:34:18.564Z] [runtime-status] [2500] Ephemeral server survived. {"metadata":{"emulator":{"name":"functions"},"function":{"name":"us-central1-session"},"message":"[runtime-status] [2500] Ephemeral server survived."}}
[info] i  functions: Finished "us-central1-session" in ~1s {"metadata":{"emulator":{"name":"functions"},"function":{"name":"us-central1-session"},"message":"Finished \"us-central1-session\" in ~1s"}}
[debug] [2021-12-20T18:34:18.565Z] [worker-us-central1-session-0bd3081b-956c-45bb-b20f-d76350df5b20]: IDLE {"metadata":{"emulator":{"name":"functions"},"message":"[worker-us-central1-session-0bd3081b-956c-45bb-b20f-d76350df5b20]: IDLE"}}
[debug] [2021-12-20T18:34:18.565Z] [work-queue] {"queueLength":0,"workRunningCount":0}
